This is pdfTeX, Version 3.141592653-2.6-1.40.25 (MiKTeX 24.1) (preloaded format=pdflatex 2025.11.24)  9 JAN 2026 10:23
entering extended mode
 restricted \write18 enabled.
 file:line:error style messages enabled.
 %&-line parsing enabled.
**"c:/Users/Utente/Desktop/Uni - Current/ML_Project--AE-XAD/docs/report/main.tex"
(c:/Users/Utente/Desktop/Uni - Current/ML_Project--AE-XAD/docs/report/main.tex
LaTeX2e <2023-11-01> patch level 1
L3 programming layer <2024-01-04>
(C:\Users\Utente\AppData\Local\Programs\MiKTeX\tex/latex/base\article.cls
Document Class: article 2023/05/17 v1.4n Standard LaTeX document class
(C:\Users\Utente\AppData\Local\Programs\MiKTeX\tex/latex/base\size10.clo
File: size10.clo 2023/05/17 v1.4n Standard LaTeX file (size option)
)
\c@part=\count187
\c@section=\count188
\c@subsection=\count189
\c@subsubsection=\count190
\c@paragraph=\count191
\c@subparagraph=\count192
\c@figure=\count193
\c@table=\count194
\abovecaptionskip=\skip48
\belowcaptionskip=\skip49
\bibindent=\dimen140
) (C:\Users\Utente\AppData\Local\Programs\MiKTeX\tex/latex/graphics\graphicx.sty
Package: graphicx 2021/09/16 v1.2d Enhanced LaTeX Graphics (DPC,SPQR)
 (C:\Users\Utente\AppData\Local\Programs\MiKTeX\tex/latex/graphics\keyval.sty
Package: keyval 2022/05/29 v1.15 key=value parser (DPC)
\KV@toks@=\toks17
) (C:\Users\Utente\AppData\Local\Programs\MiKTeX\tex/latex/graphics\graphics.sty
Package: graphics 2022/03/10 v1.4e Standard LaTeX Graphics (DPC,SPQR)
 (C:\Users\Utente\AppData\Local\Programs\MiKTeX\tex/latex/graphics\trig.sty
Package: trig 2021/08/11 v1.11 sin cos tan (DPC)
) (C:\Users\Utente\AppData\Local\Programs\MiKTeX\tex/latex/graphics-cfg\graphics.cfg
File: graphics.cfg 2016/06/04 v1.11 sample graphics configuration
)
Package graphics Info: Driver file: pdftex.def on input line 107.
 (C:\Users\Utente\AppData\Local\Programs\MiKTeX\tex/latex/graphics-def\pdftex.def
File: pdftex.def 2022/09/22 v1.2b Graphics/color driver for pdftex
))
\Gin@req@height=\dimen141
\Gin@req@width=\dimen142
) (C:\Users\Utente\AppData\Local\Programs\MiKTeX\tex/latex/float\float.sty
Package: float 2001/11/08 v1.3d Float enhancements (AL)
\c@float@type=\count195
\float@exts=\toks18
\float@box=\box51
\@float@everytoks=\toks19
\@floatcapt=\box52
) (C:\Users\Utente\AppData\Local\Programs\MiKTeX\tex/latex/titling\titling.sty
Package: titling 2009/09/04 v2.1d maketitle typesetting
\thanksmarkwidth=\skip50
\thanksmargin=\skip51
\droptitle=\skip52
) (C:\Users\Utente\AppData\Local\Programs\MiKTeX\tex/latex/amsmath\amsmath.sty
Package: amsmath 2023/05/13 v2.17o AMS math features
\@mathmargin=\skip53

For additional information on amsmath, use the `?' option.
(C:\Users\Utente\AppData\Local\Programs\MiKTeX\tex/latex/amsmath\amstext.sty
Package: amstext 2021/08/26 v2.01 AMS text
 (C:\Users\Utente\AppData\Local\Programs\MiKTeX\tex/latex/amsmath\amsgen.sty
File: amsgen.sty 1999/11/30 v2.0 generic functions
\@emptytoks=\toks20
\ex@=\dimen143
)) (C:\Users\Utente\AppData\Local\Programs\MiKTeX\tex/latex/amsmath\amsbsy.sty
Package: amsbsy 1999/11/29 v1.2d Bold Symbols
\pmbraise@=\dimen144
) (C:\Users\Utente\AppData\Local\Programs\MiKTeX\tex/latex/amsmath\amsopn.sty
Package: amsopn 2022/04/08 v2.04 operator names
)
\inf@bad=\count196
LaTeX Info: Redefining \frac on input line 234.
\uproot@=\count197
\leftroot@=\count198
LaTeX Info: Redefining \overline on input line 399.
LaTeX Info: Redefining \colon on input line 410.
\classnum@=\count199
\DOTSCASE@=\count266
LaTeX Info: Redefining \ldots on input line 496.
LaTeX Info: Redefining \dots on input line 499.
LaTeX Info: Redefining \cdots on input line 620.
\Mathstrutbox@=\box53
\strutbox@=\box54
LaTeX Info: Redefining \big on input line 722.
LaTeX Info: Redefining \Big on input line 723.
LaTeX Info: Redefining \bigg on input line 724.
LaTeX Info: Redefining \Bigg on input line 725.
\big@size=\dimen145
LaTeX Font Info:    Redeclaring font encoding OML on input line 743.
LaTeX Font Info:    Redeclaring font encoding OMS on input line 744.
\macc@depth=\count267
LaTeX Info: Redefining \bmod on input line 905.
LaTeX Info: Redefining \pmod on input line 910.
LaTeX Info: Redefining \smash on input line 940.
LaTeX Info: Redefining \relbar on input line 970.
LaTeX Info: Redefining \Relbar on input line 971.
\c@MaxMatrixCols=\count268
\dotsspace@=\muskip16
\c@parentequation=\count269
\dspbrk@lvl=\count270
\tag@help=\toks21
\row@=\count271
\column@=\count272
\maxfields@=\count273
\andhelp@=\toks22
\eqnshift@=\dimen146
\alignsep@=\dimen147
\tagshift@=\dimen148
\tagwidth@=\dimen149
\totwidth@=\dimen150
\lineht@=\dimen151
\@envbody=\toks23
\multlinegap=\skip54
\multlinetaggap=\skip55
\mathdisplay@stack=\toks24
LaTeX Info: Redefining \[ on input line 2953.
LaTeX Info: Redefining \] on input line 2954.
) (C:\Users\Utente\AppData\Local\Programs\MiKTeX\tex/latex/caption\caption.sty
Package: caption 2023/08/05 v3.6o Customizing captions (AR)
 (C:\Users\Utente\AppData\Local\Programs\MiKTeX\tex/latex/caption\caption3.sty
Package: caption3 2023/07/31 v2.4d caption3 kernel (AR)
\caption@tempdima=\dimen152
\captionmargin=\dimen153
\caption@leftmargin=\dimen154
\caption@rightmargin=\dimen155
\caption@width=\dimen156
\caption@indent=\dimen157
\caption@parindent=\dimen158
\caption@hangindent=\dimen159
Package caption Info: Standard document class detected.
)
\c@caption@flags=\count274
\c@continuedfloat=\count275
Package caption Info: float package is loaded.
) (C:\Users\Utente\AppData\Local\Programs\MiKTeX\tex/latex/marginnote\marginnote.sty
Package: marginnote 2018/08/09 1.4b non floating margin notes for LaTeX
\c@mn@abspage=\count276
) (C:\Users\Utente\AppData\Local\Programs\MiKTeX\tex/latex/booktabs\booktabs.sty
Package: booktabs 2020/01/12 v1.61803398 Publication quality tables
\heavyrulewidth=\dimen160
\lightrulewidth=\dimen161
\cmidrulewidth=\dimen162
\belowrulesep=\dimen163
\belowbottomsep=\dimen164
\aboverulesep=\dimen165
\abovetopsep=\dimen166
\cmidrulesep=\dimen167
\cmidrulekern=\dimen168
\defaultaddspace=\dimen169
\@cmidla=\count277
\@cmidlb=\count278
\@aboverulesep=\dimen170
\@belowrulesep=\dimen171
\@thisruleclass=\count279
\@lastruleclass=\count280
\@thisrulewidth=\dimen172
) (C:\Users\Utente\AppData\Local\Programs\MiKTeX\tex/latex/url\url.sty
\Urlmuskip=\muskip17
Package: url 2013/09/16  ver 3.4  Verb mode for urls, etc.
) (C:\Users\Utente\AppData\Local\Programs\MiKTeX\tex/latex/ulem\ulem.sty
\UL@box=\box55
\UL@hyphenbox=\box56
\UL@skip=\skip56
\UL@hook=\toks25
\UL@height=\dimen173
\UL@pe=\count281
\UL@pixel=\dimen174
\ULC@box=\box57
Package: ulem 2019/11/18
\ULdepth=\dimen175
) (C:\Users\Utente\AppData\Local\Programs\MiKTeX\tex/latex/base\inputenc.sty
Package: inputenc 2021/02/14 v1.3d Input encoding file
\inpenc@prehook=\toks26
\inpenc@posthook=\toks27
) (C:\Users\Utente\AppData\Local\Programs\MiKTeX\tex/latex/amsfonts\amsfonts.sty
Package: amsfonts 2013/01/14 v3.01 Basic AMSFonts support
\symAMSa=\mathgroup4
\symAMSb=\mathgroup5
LaTeX Font Info:    Redeclaring math symbol \hbar on input line 98.
LaTeX Font Info:    Overwriting math alphabet `\mathfrak' in version `bold'
(Font)                  U/euf/m/n --> U/euf/b/n on input line 106.
) (C:\Users\Utente\AppData\Local\Programs\MiKTeX\tex/latex/amsfonts\amssymb.sty
Package: amssymb 2013/01/14 v3.01 AMS font symbols
) (C:\Users\Utente\AppData\Local\Programs\MiKTeX\tex/latex/cite\cite.sty
LaTeX Info: Redefining \cite on input line 302.
LaTeX Info: Redefining \nocite on input line 332.
Package: cite 2015/02/27  v 5.5
) (C:\Users\Utente\AppData\Local\Programs\MiKTeX\tex/latex/caption\subcaption.sty
Package: subcaption 2023/07/28 v1.6b Sub-captions (AR)
Package caption Info: New subtype `subfigure' on input line 238.
\c@subfigure=\count282
Package caption Info: New subtype `subtable' on input line 238.
\c@subtable=\count283
) (C:\Users\Utente\AppData\Local\Programs\MiKTeX\tex/latex/l3backend\l3backend-pdftex.def
File: l3backend-pdftex.def 2024-01-04 L3 backend support: PDF output (pdfTeX)
\l__color_backend_stack_int=\count284
\l__pdf_internal_box=\box58
) (main.aux

LaTeX Warning: Label `fig:tile_vit_frozen' multiply defined.

)
\openout1 = `main.aux'.

LaTeX Font Info:    Checking defaults for OML/cmm/m/it on input line 27.
LaTeX Font Info:    ... okay on input line 27.
LaTeX Font Info:    Checking defaults for OMS/cmsy/m/n on input line 27.
LaTeX Font Info:    ... okay on input line 27.
LaTeX Font Info:    Checking defaults for OT1/cmr/m/n on input line 27.
LaTeX Font Info:    ... okay on input line 27.
LaTeX Font Info:    Checking defaults for T1/cmr/m/n on input line 27.
LaTeX Font Info:    ... okay on input line 27.
LaTeX Font Info:    Checking defaults for TS1/cmr/m/n on input line 27.
LaTeX Font Info:    ... okay on input line 27.
LaTeX Font Info:    Checking defaults for OMX/cmex/m/n on input line 27.
LaTeX Font Info:    ... okay on input line 27.
LaTeX Font Info:    Checking defaults for U/cmr/m/n on input line 27.
LaTeX Font Info:    ... okay on input line 27.
 (C:\Users\Utente\AppData\Local\Programs\MiKTeX\tex/context/base/mkii\supp-pdf.mkii
[Loading MPS to PDF converter (version 2006.09.02).]
\scratchcounter=\count285
\scratchdimen=\dimen176
\scratchbox=\box59
\nofMPsegments=\count286
\nofMParguments=\count287
\everyMPshowfont=\toks28
\MPscratchCnt=\count288
\MPscratchDim=\dimen177
\MPnumerator=\count289
\makeMPintoPDFobject=\count290
\everyMPtoPDFconversion=\toks29
) (C:\Users\Utente\AppData\Local\Programs\MiKTeX\tex/latex/epstopdf-pkg\epstopdf-base.sty
Package: epstopdf-base 2020-01-24 v2.11 Base part for package epstopdf
Package epstopdf-base Info: Redefining graphics rule for `.eps' on input line 485.
 (C:\Users\Utente\AppData\Local\Programs\MiKTeX\tex/latex/00miktex\epstopdf-sys.cfg
File: epstopdf-sys.cfg 2021/03/18 v2.0 Configuration of epstopdf for MiKTeX
))
Package caption Info: Begin \AtBeginDocument code.
Package caption Info: End \AtBeginDocument code.
<images/logo.png, id=1, 459.7175pt x 110.4125pt>
File: images/logo.png Graphic file (type png)
<use images/logo.png>
Package pdftex.def Info: images/logo.png  used on input line 34.
(pdftex.def)             Requested size: 276.00105pt x 66.2918pt.
 [1

{C:/Users/Utente/AppData/Local/MiKTeX/fonts/map/pdftex/pdftex.map} <./images/logo.png>] (main.toc
LaTeX Font Info:    Trying to load font information for U+msa on input line 2.
 (C:\Users\Utente\AppData\Local\Programs\MiKTeX\tex/latex/amsfonts\umsa.fd
File: umsa.fd 2013/01/14 v3.01 AMS symbols A
)
LaTeX Font Info:    Trying to load font information for U+msb on input line 2.
 (C:\Users\Utente\AppData\Local\Programs\MiKTeX\tex/latex/amsfonts\umsb.fd
File: umsb.fd 2013/01/14 v3.01 AMS symbols B
) [1]
Package marginnote Info: Using workaround for absolute page number on input line 41.
)
\tf@toc=\write3
\openout3 = `main.toc'.

 (sections/section1.tex [2]
Overfull \hbox (18.1951pt too wide) in paragraph at lines 22--27
[]\OT1/cmr/m/n/10 Negli ul-timi anni, l'evoluzione delle ar-chitet-ture di vi-sione ha por-tato all'emergere
 []


Overfull \hbox (8.40811pt too wide) in paragraph at lines 22--27
\OT1/cmr/m/n/10 com-piti di vi-sione ar-ti-fi-ciale. Questo pro-gresso soll-eva nat-u-ral-mente l'interrogativo
 []

[3]) (sections/section2.tex [4]) (sections/section3.tex [5] [6]) (sections/section4.tex [7]
Overfull \hbox (0.15126pt too wide) in paragraph at lines 32--38
\OT1/cmr/m/n/10 (\OT1/cmr/m/it/10 patch em-bed-ding\OT1/cmr/m/n/10 ) e suc-ces-si-va-mente elab-o-rate da una se-quenza di bloc-chi Trans-
 []

[8] [9]
Overfull \hbox (8.82475pt too wide) in paragraph at lines 97--103
\OT1/cmr/m/n/10 difetti lo-cali sot-tili. L'obiettivo ^^Re va-l-utare se un fine-tuning end-to-end dell'encoder
 []


Overfull \hbox (13.12225pt too wide) in paragraph at lines 104--104
[]\OT1/cmr/bx/n/12 Differenze strut-turali rispetto all'encoder con-voluzionale 
 []

) (sections/section5.tex [10]
Overfull \hbox (5.36177pt too wide) in paragraph at lines 43--49
\OT1/cmr/m/n/10 regime few-shot su-per-vi-sion-ato pre-visto dal frame-work AE-XAD, in cui l'obiettivo
 []

[11] [12]
Overfull \hbox (1.41737pt too wide) in paragraph at lines 129--133
\OT1/cmr/m/n/10 L'addestramento del mod-ello ^^Re stato ef-fet-tuato uti-liz-zando l'ottimizzatore Adam,
 []

) (sections/section6.tex [13]
Overfull \hbox (7.91731pt too wide) in paragraph at lines 9--14
\OT1/cmr/m/n/10 l'impatto delle rap-p-re-sen-tazioni for-nite da un en-coder Trans-former pre-addestrato,
 []

[14] [15] [16]
Overfull \hbox (3.66739pt too wide) in paragraph at lines 193--198
\OT1/cmr/m/n/10 del Vi-sion Trans-former risul-tano in parte com-pat-i-bili con il paradigma di anomaly
 []

[17]) (sections/section7.tex
Overfull \hbox (10.24959pt too wide) in paragraph at lines 245--1
\OT1/cmr/m/n/10 XAD dipende in modo critico dall'inductive bias lo-cale dell'encoder con-voluzionale,
 []


Overfull \hbox (1.30617pt too wide) in paragraph at lines 9--15
[]\OT1/cmr/m/n/10 L'analisi ^^Re lim-i-tata alle con-fig-u-razioni con en-coder Vi-sion Trans-former (frozen
 []


Overfull \hbox (6.31113pt too wide) in paragraph at lines 31--35
\OT1/cmr/m/it/10 tile\OT1/cmr/m/n/10 , \OT1/cmr/m/it/10 wood \OT1/cmr/m/n/10 e \OT1/cmr/m/it/10 hazel-nut\OT1/cmr/m/n/10 , le mappe di er-rore prodotte dal Vi-sion Trans-former mostrano
 []

[18]
<images/heatmap_tile_vit_frozen.jpg, id=78, 1011.78pt x 578.16pt>
File: images/heatmap_tile_vit_frozen.jpg Graphic file (type jpg)
<use images/heatmap_tile_vit_frozen.jpg>
Package pdftex.def Info: images/heatmap_tile_vit_frozen.jpg  used on input line 38.
(pdftex.def)             Requested size: 310.4979pt x 177.42805pt.
<images/heatmap_wood_vit_frozen.jpg, id=79, 1011.78pt x 578.16pt>
File: images/heatmap_wood_vit_frozen.jpg Graphic file (type jpg)
<use images/heatmap_wood_vit_frozen.jpg>
Package pdftex.def Info: images/heatmap_wood_vit_frozen.jpg  used on input line 49.
(pdftex.def)             Requested size: 310.4979pt x 177.42805pt.
 [19 <./images/heatmap_tile_vit_frozen.jpg>]
<images/heatmap_hazelnut_vit_frozen.jpg, id=83, 1011.78pt x 578.16pt>
File: images/heatmap_hazelnut_vit_frozen.jpg Graphic file (type jpg)
<use images/heatmap_hazelnut_vit_frozen.jpg>
Package pdftex.def Info: images/heatmap_hazelnut_vit_frozen.jpg  used on input line 60.
(pdftex.def)             Requested size: 310.4979pt x 177.42805pt.
 [20 <./images/heatmap_wood_vit_frozen.jpg> <./images/heatmap_hazelnut_vit_frozen.jpg>]
Overfull \hbox (1.13948pt too wide) in paragraph at lines 77--80
\OT1/cmr/m/n/10 Un com-por-ta-mento sig-ni-fica-ti-va-mente di-verso emerge nelle classi in cui le anoma-
 []

<images/heatmap_screw_vit_frozen.jpg, id=87, 1011.78pt x 578.16pt>
File: images/heatmap_screw_vit_frozen.jpg Graphic file (type jpg)
<use images/heatmap_screw_vit_frozen.jpg>
Package pdftex.def Info: images/heatmap_screw_vit_frozen.jpg  used on input line 83.
(pdftex.def)             Requested size: 310.4979pt x 177.42805pt.
<images/heatmap_capsule_vit_frozen.jpg, id=88, 1011.78pt x 578.16pt>
File: images/heatmap_capsule_vit_frozen.jpg Graphic file (type jpg)
<use images/heatmap_capsule_vit_frozen.jpg>
Package pdftex.def Info: images/heatmap_capsule_vit_frozen.jpg  used on input line 95.
(pdftex.def)             Requested size: 310.4979pt x 177.42805pt.
[21 <./images/heatmap_screw_vit_frozen.jpg>]
<images/heatmap_transistor_vit_frozen.jpg, id=92, 1011.78pt x 578.16pt>
File: images/heatmap_transistor_vit_frozen.jpg Graphic file (type jpg)
<use images/heatmap_transistor_vit_frozen.jpg>
Package pdftex.def Info: images/heatmap_transistor_vit_frozen.jpg  used on input line 105.
(pdftex.def)             Requested size: 310.4979pt x 177.42805pt.
<images/heatmap_toothbrush_vit_frozen.jpg, id=93, 1011.78pt x 578.16pt>
File: images/heatmap_toothbrush_vit_frozen.jpg Graphic file (type jpg)
<use images/heatmap_toothbrush_vit_frozen.jpg>
Package pdftex.def Info: images/heatmap_toothbrush_vit_frozen.jpg  used on input line 116.
(pdftex.def)             Requested size: 310.4979pt x 177.42805pt.
 [22 <./images/heatmap_capsule_vit_frozen.jpg> <./images/heatmap_transistor_vit_frozen.jpg>]
<images/test_34_frozen.jpg, id=97, 1011.78pt x 578.16pt>
File: images/test_34_frozen.jpg Graphic file (type jpg)
<use images/test_34_frozen.jpg>
Package pdftex.def Info: images/test_34_frozen.jpg  used on input line 143.
(pdftex.def)             Requested size: 310.4979pt x 177.42805pt.
<images/test_34_trainable.jpg, id=98, 1011.78pt x 578.16pt>
File: images/test_34_trainable.jpg Graphic file (type jpg)
<use images/test_34_trainable.jpg>
Package pdftex.def Info: images/test_34_trainable.jpg  used on input line 149.
(pdftex.def)             Requested size: 310.4979pt x 177.42805pt.
 [23 <./images/heatmap_toothbrush_vit_frozen.jpg>] [24 <./images/test_34_frozen.jpg> <./images/test_34_trainable.jpg>]
<images/test_79_transistor_frozen.jpg, id=107, 1011.78pt x 578.16pt>
File: images/test_79_transistor_frozen.jpg Graphic file (type jpg)
<use images/test_79_transistor_frozen.jpg>
Package pdftex.def Info: images/test_79_transistor_frozen.jpg  used on input line 174.
(pdftex.def)             Requested size: 310.4979pt x 177.42805pt.
<images/test_79_transistor_trainable.jpg, id=108, 1011.78pt x 578.16pt>
File: images/test_79_transistor_trainable.jpg Graphic file (type jpg)
<use images/test_79_transistor_trainable.jpg>
Package pdftex.def Info: images/test_79_transistor_trainable.jpg  used on input line 180.
(pdftex.def)             Requested size: 310.4979pt x 177.42805pt.
 [25 <./images/test_79_transistor_frozen.jpg> <./images/test_79_transistor_trainable.jpg>]) (sections/section8.tex [26] [27]
Overfull \hbox (9.47282pt too wide) in paragraph at lines 79--85
\OT1/cmr/m/n/10 In con-clu-sione, questo la-voro mostra che la sos-ti-tuzione dell'encoder con-voluzionale
 []

) [28] (main.bbl) [29] (main.aux)
 ***********
LaTeX2e <2023-11-01> patch level 1
L3 programming layer <2024-01-04>
 ***********


LaTeX Warning: There were multiply-defined labels.

 ) 
Here is how much of TeX's memory you used:
 4757 strings out of 474486
 81286 string characters out of 5743282
 1938542 words of memory out of 5000000
 26974 multiletter control sequences out of 15000+600000
 562991 words of font info for 55 fonts, out of 8000000 for 9000
 1141 hyphenation exceptions out of 8191
 57i,13n,65p,670b,495s stack positions out of 10000i,1000n,20000p,200000b,200000s
 <C:\Users\Utente\AppData\Local\MiKTeX\fonts/pk/ljfour/jknappen/ec/dpi600\tcrm1000.pk><C:/Users/Utente/AppData/Local/Programs/MiKTeX/fonts/type1/public/amsfonts/cm/cmbx10.pfb><C:/Users/Utente/AppData/Local/Programs/MiKTeX/fonts/type1/public/amsfonts/cm/cmbx12.pfb><C:/Users/Utente/AppData/Local/Programs/MiKTeX/fonts/type1/public/amsfonts/cm/cmbx7.pfb><C:/Users/Utente/AppData/Local/Programs/MiKTeX/fonts/type1/public/amsfonts/cm/cmex10.pfb><C:/Users/Utente/AppData/Local/Programs/MiKTeX/fonts/type1/public/amsfonts/cm/cmmi10.pfb><C:/Users/Utente/AppData/Local/Programs/MiKTeX/fonts/type1/public/amsfonts/cm/cmmi7.pfb><C:/Users/Utente/AppData/Local/Programs/MiKTeX/fonts/type1/public/amsfonts/cm/cmr10.pfb><C:/Users/Utente/AppData/Local/Programs/MiKTeX/fonts/type1/public/amsfonts/cm/cmr12.pfb><C:/Users/Utente/AppData/Local/Programs/MiKTeX/fonts/type1/public/amsfonts/cm/cmr7.pfb><C:/Users/Utente/AppData/Local/Programs/MiKTeX/fonts/type1/public/amsfonts/cm/cmr9.pfb><C:/Users/Utente/AppData/Local/Programs/MiKTeX/fonts/type1/public/amsfonts/cm/cmsy10.pfb><C:/Users/Utente/AppData/Local/Programs/MiKTeX/fonts/type1/public/amsfonts/cm/cmsy7.pfb><C:/Users/Utente/AppData/Local/Programs/MiKTeX/fonts/type1/public/amsfonts/cm/cmti10.pfb><C:/Users/Utente/AppData/Local/Programs/MiKTeX/fonts/type1/public/amsfonts/symbols/msbm10.pfb>
Output written on main.pdf (30 pages, 840468 bytes).
PDF statistics:
 186 PDF objects out of 1000 (max. 8388607)
 0 named destinations out of 1000 (max. 500000)
 61 words of extra memory for PDF output out of 10000 (max. 10000000)

